build/app/outputs/mapping/release/seeds.txt
com.example.consentify.MainActivity: MainActivity()
com.example.consentify.MainActivity
...
io.flutter.plugin.editing.TextInputPlugin$InputTarget$Type: io.flutter.plugin.editing.TextInputPlugin$InputTarget$Type[] values()
com.dexterous.flutterlocalnotifications.BitmapSource: com.dexterous.flutterlocalnotifications.BitmapSource[] values()
io.flutter.embedding.engine.FlutterJNI: java.util.Set engineLifecycleListeners
android.support.v4.media.MediaDescriptionCompat: android.os.Parcelable$Creator CREATOR
androidx.media.AudioAttributesImplApi21Parcelizer: androidx.media.AudioAttributesImplApi21 read(androidx.versionedparcelable.VersionedParcel)
androidx.media.AudioAttributesImplApi26: AudioAttributesImplApi26()
io.flutter.embedding.engine.FlutterJNI: boolean nativeFlutterTextUtilsIsRegionalIndicator(int)
io.flutter.embedding.engine.FlutterJNI: void runBundleAndSnapshotFromLibrary(java.lang.String,java.lang.String,java.lang.String,android.content.res.AssetManager)
androidx.activity.OnBackPressedDispatcher$LifecycleOnBackPressedCancellable
android.support.v4.media.AudioAttributesImplApi26Parcelizer: void write(androidx.media.AudioAttributesImplApi26,androidx.versionedparcelable.VersionedParcel)
android.support.v4.media.MediaDescriptionCompat
io.flutter.embedding.engine.FlutterJNI: void nativeSetSemanticsEnabled(long,boolean)
io.flutter.embedding.engine.FlutterJNI: void onDisplayPlatformView(int,int,int,int,int,int,int,io.flutter.embedding.engine.mutatorsstack.FlutterMutatorsStack)
androidx.annotation.Keep
io.flutter.embedding.engine.FlutterJNI: long performNativeAttach(io.flutter.embedding.engine.FlutterJNI,boolean)
io.flutter.embedding.engine.systemchannels.PlatformChannel$SoundType: io.flutter.embedding.engine.systemchannels.PlatformChannel$SoundType valueOf(java.lang.String)
io.flutter.embedding.engine.FlutterJNI: void onSurfaceCreated(android.view.Surface)
io.flutter.view.AccessibilityViewEmbedder: android.view.View rootAccessibilityView
io.flutter.embedding.android.FlutterImageView$SurfaceKind: io.flutter.embedding.android.FlutterImageView$SurfaceKind valueOf(java.lang.String)
io.flutter.embedding.engine.FlutterJNI: void removeEngineLifecycleListener(io.flutter.embedding.engine.FlutterEngine$EngineLifecycleListener)
io.flutter.embedding.engine.plugins.lifecycle.HiddenLifecycleReference
androidx.lifecycle.Lifecycling$1
io.flutter.plugin.editing.ImeSyncDeferringInsetsCallback: int access$500(io.flutter.plugin.editing.ImeSyncDeferringInsetsCallback)
io.flutter.embedding.engine.FlutterJNI: void onSurfaceChanged(int,int)
io.flutter.plugin.editing.ImeSyncDeferringInsetsCallback: io.flutter.plugin.editing.ImeSyncDeferringInsetsCallback$AnimationCallback animationCallback
io.flutter.embedding.engine.FlutterJNI: void setPlatformMessageHandler(io.flutter.embedding.engine.dart.PlatformMessageHandler)
io.flutter.embedding.engine.FlutterOverlaySurface: int getId()
android.support.v4.media.MediaBrowserCompat$MediaItem
androidx.versionedparcelable.ParcelImpl: android.os.Parcelable$Creator CREATOR
androidx.lifecycle.Lifecycle$Event: androidx.lifecycle.Lifecycle$Event ON_STOP
io.flutter.embedding.engine.FlutterJNI: boolean initCalled
io.flutter.embedding.engine.mutatorsstack.FlutterMutatorsStack: java.util.List finalClippingPaths
io.flutter.embedding.engine.FlutterJNI: void handlePlatformMessage(java.lang.String,byte[],int)
android.support.v4.media.RatingCompat
io.flutter.embedding.engine.systemchannels.PlatformChannel$ClipboardContentFormat: io.flutter.embedding.engine.systemchannels.PlatformChannel$ClipboardContentFormat[] values()
androidx.media.AudioAttributesImplApi21: AudioAttributesImplApi21()
io.flutter.embedding.engine.FlutterJNI: void nativeDispatchPointerDataPacket(long,java.nio.ByteBuffer,int)
io.flutter.embedding.engine.mutatorsstack.FlutterMutatorsStack: void pushClipRRect(int,int,int,int,float[])
io.flutter.embedding.engine.FlutterJNI: void updateJavaAssetManager(android.content.res.AssetManager,java.lang.String)
androidx.lifecycle.Lifecycle$State: androidx.lifecycle.Lifecycle$State valueOf(java.lang.String)