build/app/outputs/mapping/release/mapping.txt
# compiler: R8
# compiler_version: 2.1.62
# min_api: 16
# pg_map_id: 0ea163d
# common_typos_disable
...
android.support.v4.media.session.IMediaSession$Stub -> android.support.v4.media.session.b$a:
    android.support.v4.media.session.IMediaSession asInterface(android.os.IBinder) -> s
android.support.v4.media.session.IMediaSession$Stub$Proxy -> android.support.v4.media.session.b$a$a:
    android.os.IBinder mRemote -> a
    void registerCallbackListener(android.support.v4.media.session.IMediaControllerCallback) -> g
android.support.v4.media.session.MediaControllerCompat$Callback -> android.support.v4.media.session.c:
    android.support.v4.media.session.MediaControllerCompat$Callback$MessageHandler mHandler -> a
    android.support.v4.media.session.IMediaControllerCallback mIControllerCallback -> b
    void onAudioInfoChanged(android.support.v4.media.session.MediaControllerCompat$PlaybackInfo) -> a
    void onExtrasChanged(android.os.Bundle) -> b
    void onMetadataChanged(android.support.v4.media.MediaMetadataCompat) -> c
    void onPlaybackStateChanged(android.support.v4.media.session.PlaybackStateCompat) -> d
    void onQueueChanged(java.util.List) -> e
    void onQueueTitleChanged(java.lang.CharSequence) -> f
    void onSessionDestroyed() -> g
    void onSessionEvent(java.lang.String,android.os.Bundle) -> h
    void postToHandler(int,java.lang.Object,android.os.Bundle) -> i
android.support.v4.media.session.MediaControllerCompat$Callback$MediaControllerCallbackApi21 -> android.support.v4.media.session.c$a:
    java.lang.ref.WeakReference mCallback -> a
android.support.v4.media.session.MediaControllerCompat$Callback$MessageHandler -> android.support.v4.media.session.c$b:
android.support.v4.media.session.MediaControllerCompat$Callback$StubCompat -> android.support.v4.media.session.c$c:
    java.lang.ref.WeakReference mCallback -> a
    void onQueueChanged(java.util.List) -> b
    void onShuffleModeChangedRemoved(boolean) -> c
    void onQueueTitleChanged(java.lang.CharSequence) -> d
    void onCaptioningEnabledChanged(boolean) -> e
    void onSessionDestroyed() -> h
    void onMetadataChanged(android.support.v4.media.MediaMetadataCompat) -> i
    void onShuffleModeChanged(int) -> k
    void onSessionReady() -> l
    void onExtrasChanged(android.os.Bundle) -> m
    void onPlaybackStateChanged(android.support.v4.media.session.PlaybackStateCompat) -> n
    void onEvent(java.lang.String,android.os.Bundle) -> o
    void onRepeatModeChanged(int) -> p
    void onVolumeInfoChanged(android.support.v4.media.session.ParcelableVolumeInfo) -> r
android.support.v4.media.session.MediaControllerCompat$MediaControllerImplApi21 -> android.support.v4.media.session.MediaControllerCompat$MediaControllerImplApi21:
    java.util.List mPendingCallbacks -> b
    android.support.v4.media.session.MediaSessionCompat$Token mSessionToken -> d
    java.lang.Object mLock -> a
    java.util.HashMap mCallbackMap -> c
    void processPendingCallbacksLocked() -> a
android.support.v4.media.session.MediaControllerCompat$MediaControllerImplApi21$ExtraBinderRequestResultReceiver -> android.support.v4.media.session.MediaControllerCompat$MediaControllerImplApi21$ExtraBinderRequestResultReceiver:
    java.lang.ref.WeakReference mMediaControllerImpl -> a
android.support.v4.media.session.MediaControllerCompat$MediaControllerImplApi21$ExtraCallback -> android.support.v4.media.session.MediaControllerCompat$MediaControllerImplApi21$a:
    void onQueueChanged(java.util.List) -> b
    void onQueueTitleChanged(java.lang.CharSequence) -> d
    void onSessionDestroyed() -> h
    void onMetadataChanged(android.support.v4.media.MediaMetadataCompat) -> i
    void onExtrasChanged(android.os.Bundle) -> m
    void onVolumeInfoChanged(android.support.v4.media.session.ParcelableVolumeInfo) -> r
android.support.v4.media.session.MediaControllerCompat$PlaybackInfo -> android.support.v4.media.session.d:
android.support.v4.media.session.MediaSessionCompat -> android.support.v4.media.session.MediaSessionCompat:
    void ensureClassLoader(android.os.Bundle) -> a