build/app/outputs/mapping/release/usage.txt
com.example.consentify.R$style
com.example.consentify.R$styleable
com.example.consentify.R$attr
com.example.consentify.R$dimen
com.example.consentify.R$id
com.example.consentify.R$color
com.example.consentify.R$xml
com.example.consentify.R$layout
com.example.consentify.R$string
com.example.consentify.R$mipmap
com.example.consentify.R
com.example.consentify.R$integer
com.example.consentify.BuildConfig
com.example.consentify.R$drawable
...
com.google.common.collect.ForwardingListIterator
com.google.common.base.CharMatcher$ForPredicate
com.google.common.util.concurrent.Futures$2
com.google.common.collect.ImmutableMap$MapViewOfValuesAsSingletonSets
androidx.annotation.ContentView
com.google.common.collect.TreeTraverser$3
androidx.core.view.accessibility.AccessibilityViewCommand$MoveHtmlArguments
kotlin.coroutines.jvm.internal.CoroutineStackFrame
androidx.core.provider.FontsContractCompat$4$2
androidx.fragment.R$styleable
kotlin.coroutines.jvm.internal.RestrictedContinuationImpl
org.checkerframework.checker.nullness.compatqual.MonotonicNonNullType
androidx.slidingpanelayout.R$style
com.google.common.hash.Murmur3_128HashFunction$Murmur3_128Hasher
androidx.cursoradapter.widget.CursorAdapter$MyDataSetObserver
com.google.common.reflect.Types$ClassOwnership$1LocalClass
kotlin.jvm.internal.TypeReference$asString$args$1
androidx.collection.SimpleArrayMap:
    public void <init>(int)
    public void <init>(androidx.collection.SimpleArrayMap)
    public void putAll(androidx.collection.SimpleArrayMap)
    private static final boolean DEBUG
    private static final java.lang.String TAG
    private static final boolean CONCURRENT_MODIFICATION_EXCEPTIONS
    private static final int BASE_SIZE
    private static final int CACHE_SIZE
androidx.core.graphics.TypefaceCompat
kotlin.contracts.ContractBuilderKt
kotlin.sequences.DropSequence
androidx.media.R$drawable
com.google.common.collect.EnumMultiset
kotlin.coroutines.jvm.internal.Boxing
androidx.media.MediaBrowserServiceCompat$MediaBrowserServiceImplApi21$2
javax.annotation.CheckReturnValue
com.google.common.collect.ByFunctionOrdering
kotlin.collections.ArraysKt___ArraysKt$asIterable$$inlined$Iterable$3
com.google.common.hash.LittleEndianByteArray$JavaLittleEndianBytes$1
android.support.v4.media.MediaDescriptionCompat:
    public java.lang.String getMediaId()
    public java.lang.CharSequence getTitle()
    public java.lang.CharSequence getSubtitle()
    public java.lang.CharSequence getDescription()
    public android.graphics.Bitmap getIconBitmap()
    public android.net.Uri getIconUri()
    public android.os.Bundle getExtras()
    public android.net.Uri getMediaUri()
    public static final java.lang.String EXTRA_BT_FOLDER_TYPE
    public static final long BT_FOLDER_TYPE_MIXED
    public static final long BT_FOLDER_TYPE_TITLES
    public static final long BT_FOLDER_TYPE_ALBUMS
    public static final long BT_FOLDER_TYPE_ARTISTS
    public static final long BT_FOLDER_TYPE_GENRES
    public static final long BT_FOLDER_TYPE_PLAYLISTS
    public static final long BT_FOLDER_TYPE_YEARS
    public static final java.lang.String EXTRA_DOWNLOAD_STATUS
    public static final long STATUS_NOT_DOWNLOADED
    public static final long STATUS_DOWNLOADING
    public static final long STATUS_DOWNLOADED
    public static final java.lang.String DESCRIPTION_KEY_MEDIA_URI
    public static final java.lang.String DESCRIPTION_KEY_NULL_BUNDLE_FLAG
com.google.common.base.Predicates$OrPredicate
androidx.viewpager.R$integer
kotlin.concurrent.ThreadsKt
androidx.media.AudioAttributesImplBase:
    public java.lang.Object getAudioAttributes()
    public int getVolumeControlStream()
    public int getRawLegacyStreamType()
com.google.common.collect.Range
com.google.common.util.concurrent.ExecutionSequencer$RunningState
com.google.common.collect.AbstractMapBasedMultimap$RandomAccessWrappedList
com.google.common.reflect.Reflection
io.flutter.plugin.editing.ListenableEditingState:
    private static final java.lang.String TAG
kotlin.collections.ArraysKt___ArraysJvmKt
androidx.core.text.util.LinkifyCompat$LinkifyMask
com.tekartik.sqflite.R$styleable
com.google.common.base.Ascii
android.support.v4.media.MediaBrowserCompat$MediaBrowserImplApi21$3
com.google.common.graph.AbstractBaseGraph$IncidentEdgeSet$Directed$1
kotlin.collections.ByteIterator
com.google.common.collect.MapMakerInternalMap$WeakKeyDummyValueEntry
kotlin.coroutines.experimental.SequenceBuilder